--- Startup times for process: Primary (or UI client) ---

times in msec
 clock   self+sourced   self:  sourced script
 clock   elapsed:              other lines

000.000  000.000: --- NVIM STARTING ---
000.150  000.149: event init
000.584  000.434: early init
002.524  001.940: locale set
002.590  000.066: init first window
003.441  000.851: inits 1
003.452  000.011: window checked
003.458  000.006: parsing arguments
004.254  000.041  000.041: require('vim.shared')
004.333  000.031  000.031: require('vim.inspect')
004.373  000.030  000.030: require('vim._options')
004.375  000.117  000.056: require('vim._editor')
004.376  000.204  000.046: require('vim._init_packages')
004.378  000.716: init lua interpreter
007.556  003.178: nvim_ui_attach
007.909  000.353: nvim_set_client_info
007.915  000.006: --- NVIM STARTED ---

--- Startup times for process: Embedded ---

times in msec
 clock   self+sourced   self:  sourced script
 clock   elapsed:              other lines

000.000  000.000: --- NVIM STARTING ---
000.079  000.079: event init
000.204  000.125: early init
000.604  000.400: locale set
000.632  000.028: init first window
000.984  000.352: inits 1
000.998  000.013: window checked
001.002  000.004: parsing arguments
001.436  000.031  000.031: require('vim.shared')
001.501  000.025  000.025: require('vim.inspect')
001.533  000.025  000.025: require('vim._options')
001.534  000.096  000.046: require('vim._editor')
001.535  000.157  000.030: require('vim._init_packages')
001.537  000.378: init lua interpreter
003.514  001.977: expanding arguments
003.536  000.022: inits 2
003.783  000.247: init highlight
003.783  000.001: waiting for UI
003.904  000.121: done waiting for UI
003.906  000.002: clear screen
004.017  000.017  000.017: require('vim.keymap')
004.839  000.132  000.132: sourcing nvim_exec2()
004.977  001.067  000.918: require('vim._defaults')
004.978  000.005: init default mappings & autocommands
006.132  000.306  000.306: sourcing /opt/homebrew/Cellar/neovim/0.11.0/share/nvim/runtime/ftplugin.vim
006.441  000.251  000.251: sourcing /opt/homebrew/Cellar/neovim/0.11.0/share/nvim/runtime/indent.vim
007.679  000.632  000.632: require('bhuvnesh.set')
009.821  000.026  000.026: require('vim.fs')
009.842  000.310  000.285: require('vim.lsp.log')
010.556  000.712  000.712: require('vim.lsp.protocol')
011.967  001.409  001.409: require('vim.lsp.util')
012.878  000.401  000.401: require('vim.lsp.sync')
012.882  000.912  000.511: require('vim.lsp._changetracking')
013.800  000.366  000.366: require('vim.lsp._transport')
013.810  000.927  000.560: require('vim.lsp.rpc')
013.829  005.521  001.250: require('vim.lsp')
014.511  000.004  000.004: require('vim.F')
014.518  000.687  000.684: require('vim.lsp.buf')
014.540  006.860  000.652: require('bhuvnesh.remap')
015.706  000.656  000.656: require('lazy')
015.727  000.011  000.011: require('ffi')
015.987  000.246  000.246: require('vim.uri')
015.995  000.266  000.020: require('vim.loader')
016.514  000.504  000.504: require('lazy.stats')
016.866  000.322  000.322: require('lazy.core.util')
017.094  000.226  000.226: require('lazy.core.config')
017.661  000.116  000.116: require('lazy.core.handler')
018.209  000.188  000.188: require('lazy.pkg')
018.212  000.356  000.168: require('lazy.core.meta')
018.215  000.553  000.197: require('lazy.core.plugin')
018.219  001.124  000.454: require('lazy.core.loader')
018.529  000.174  000.174: require('lazy.core.fragments')
023.617  000.125  000.125: require('lazy.core.handler.keys')
023.728  000.108  000.108: require('lazy.core.handler.event')
023.875  000.124  000.124: require('lazy.core.handler.ft')
023.968  000.091  000.091: require('lazy.core.handler.cmd')
024.595  000.111  000.111: sourcing nvim_exec2() called at /opt/homebrew/Cellar/neovim/0.11.0/share/nvim/runtime/filetype.lua:0
024.597  000.183  000.072: sourcing /opt/homebrew/Cellar/neovim/0.11.0/share/nvim/runtime/filetype.lua
024.599  000.233  000.050: sourcing nvim_exec2() called at /Users/bhuvnesh/.dotfiles/nvim/.config/nvim/init.lua:0
024.850  000.001  000.001: sourcing nvim_exec2() called at /Users/bhuvnesh/.dotfiles/nvim/.config/nvim/init.lua:0
024.854  000.001  000.001: sourcing nvim_exec2() called at /Users/bhuvnesh/.dotfiles/nvim/.config/nvim/init.lua:0
026.977  000.089  000.089: require('mason-core.functional.data')
027.091  000.112  000.112: require('mason-core.functional.function')
027.193  000.099  000.099: require('mason-core.functional.list')
027.282  000.084  000.084: require('mason-core.functional.relation')
027.380  000.096  000.096: require('mason-core.functional.logic')
027.469  000.088  000.088: require('mason-core.functional.number')
027.567  000.095  000.095: require('mason-core.functional.string')
027.658  000.089  000.089: require('mason-core.functional.table')
027.857  000.197  000.197: require('mason-core.functional.type')
027.859  001.077  000.127: require('mason-core.functional')
027.977  000.118  000.118: require('mason-core.path')
028.085  000.107  000.107: require('mason.settings')
028.099  001.443  000.141: require('mason-core.log')
028.100  001.637  000.194: require('mason-core.EventEmitter')
028.385  000.167  000.167: require('mason-core.platform')
028.387  000.286  000.119: require('mason-core.installer.InstallLocation')
028.507  000.118  000.118: require('mason-registry.sources')
028.510  002.564  000.522: require('mason-registry')
028.619  000.108  000.108: require('mason.version')
028.623  003.276  000.604: require('mason-tool-installer')
028.629  003.337  000.061: sourcing /Users/bhuvnesh/.local/share/nvim/lazy/mason-tool-installer.nvim/plugin/mason-tool-installer.lua
028.631  003.377  000.040: sourcing nvim_exec2() called at /Users/bhuvnesh/.dotfiles/nvim/.config/nvim/init.lua:0
028.635  000.001  000.001: sourcing nvim_exec2() called at /Users/bhuvnesh/.dotfiles/nvim/.config/nvim/init.lua:0
028.640  000.001  000.001: sourcing nvim_exec2() called at /Users/bhuvnesh/.dotfiles/nvim/.config/nvim/init.lua:0
028.645  000.001  000.001: sourcing nvim_exec2() called at /Users/bhuvnesh/.dotfiles/nvim/.config/nvim/init.lua:0
028.650  000.001  000.001: sourcing nvim_exec2() called at /Users/bhuvnesh/.dotfiles/nvim/.config/nvim/init.lua:0
028.751  000.099  000.099: require('mason')
028.927  000.087  000.087: require('mason-lspconfig.settings')
028.929  000.177  000.090: require('mason-lspconfig')
029.376  000.246  000.246: require('mason.api.command')
029.482  000.101  000.101: require('mason-core.async')
029.653  000.087  000.087: require('mason-core.async.control')
029.740  000.086  000.086: require('mason-core.result')
029.913  000.085  000.085: require('mason-core.async.uv')
029.916  000.175  000.090: require('mason-core.fs')
029.976  000.493  000.144: require('mason-registry.installer')
030.417  000.083  000.083: require('mason-core.optional')
031.006  000.232  000.232: require('mason-core.process')
031.289  000.282  000.282: require('mason-core.spawn')
031.291  000.718  000.204: require('mason-core.installer.managers.powershell')
031.293  000.875  000.158: require('mason-core.fetch')
031.378  000.084  000.084: require('mason-core.providers')
031.851  000.173  000.173: require('mason-core.purl')
031.857  000.286  000.113: require('mason-core.package.AbstractPackage')
032.429  000.121  000.121: require('mason-core.installer.compiler.expr')
032.436  000.368  000.247: require('mason-core.installer.compiler.link')
032.950  000.111  000.111: require('mason-core.installer.context.InstallContextCwd')
033.118  000.167  000.167: require('mason-core.installer.context.InstallContextFs')
033.264  000.145  000.145: require('mason-core.installer.context.InstallContextSpawn')
033.520  000.255  000.255: require('mason-core.receipt')
033.540  000.804  000.126: require('mason-core.installer.context')
033.544  000.904  000.100: require('mason-core.installer')
033.585  001.058  000.154: require('mason-core.installer.managers.std')
033.587  001.150  000.092: require('mason-core.installer.compiler.schemas')
033.718  000.131  000.131: require('mason-core.installer.compiler.util')
033.730  001.771  000.121: require('mason-core.installer.compiler')
033.839  000.108  000.108: require('mason-core.installer.linker')
033.841  001.983  000.105: require('mason-core.installer.InstallRunner')
033.929  000.086  000.086: require('mason-core.installer.UninstallRunner')
033.932  002.458  000.102: require('mason-core.package')
033.933  002.554  000.096: require('mason-registry.sources.util')
033.938  003.697  000.101: require('mason-registry.sources.github')
037.298  000.090  000.090: require('mason-vendor.zzlib.inflate-bit32')
037.300  000.196  000.106: require('mason-vendor.zzlib')
037.930  000.094  000.094: require('mason-lspconfig.mappings')
037.932  000.215  000.122: require('mason-lspconfig.features.automatic_enable')
054.353  000.492  000.492: require('mason-lspconfig.notify')
054.374  000.850  000.357: require('mason-lspconfig.api.command')
054.824  000.004  000.004: sourcing nvim_exec2() called at /Users/bhuvnesh/.dotfiles/nvim/.config/nvim/init.lua:0
054.876  000.001  000.001: sourcing nvim_exec2() called at /Users/bhuvnesh/.dotfiles/nvim/.config/nvim/init.lua:0
055.030  000.001  000.001: sourcing nvim_exec2() called at /Users/bhuvnesh/.dotfiles/nvim/.config/nvim/init.lua:0
055.034  000.001  000.001: sourcing nvim_exec2() called at /Users/bhuvnesh/.dotfiles/nvim/.config/nvim/init.lua:0
055.169  000.001  000.001: sourcing nvim_exec2() called at /Users/bhuvnesh/.dotfiles/nvim/.config/nvim/init.lua:0
055.172  000.001  000.001: sourcing nvim_exec2() called at /Users/bhuvnesh/.dotfiles/nvim/.config/nvim/init.lua:0
055.382  000.001  000.001: sourcing nvim_exec2() called at /Users/bhuvnesh/.dotfiles/nvim/.config/nvim/init.lua:0
055.385  000.001  000.001: sourcing nvim_exec2() called at /Users/bhuvnesh/.dotfiles/nvim/.config/nvim/init.lua:0
056.166  000.315  000.315: require('cmp.utils.api')
056.609  000.283  000.283: require('cmp.types.cmp')
057.117  000.363  000.363: require('cmp.utils.misc')
057.124  000.514  000.151: require('cmp.types.lsp')
057.212  000.088  000.088: require('cmp.types.vim')
057.214  001.046  000.162: require('cmp.types')
057.313  000.099  000.099: require('cmp.utils.highlight')
057.602  000.090  000.090: require('cmp.utils.debug')
057.606  000.292  000.203: require('cmp.utils.autocmd')
057.802  000.006  000.006: sourcing nvim_exec2() called at /Users/bhuvnesh/.local/share/nvim/lazy/nvim-cmp/plugin/cmp.lua:0
057.803  002.075  000.317: sourcing /Users/bhuvnesh/.local/share/nvim/lazy/nvim-cmp/plugin/cmp.lua
057.805  002.121  000.045: sourcing nvim_exec2() called at /Users/bhuvnesh/.dotfiles/nvim/.config/nvim/init.lua:0
057.835  000.001  000.001: sourcing nvim_exec2() called at /Users/bhuvnesh/.dotfiles/nvim/.config/nvim/init.lua:0
057.846  000.001  000.001: sourcing nvim_exec2() called at /Users/bhuvnesh/.dotfiles/nvim/.config/nvim/init.lua:0
058.022  000.001  000.001: sourcing nvim_exec2() called at /Users/bhuvnesh/.dotfiles/nvim/.config/nvim/init.lua:0
058.027  000.001  000.001: sourcing nvim_exec2() called at /Users/bhuvnesh/.dotfiles/nvim/.config/nvim/init.lua:0
059.027  000.639  000.639: require('vim.filetype')
060.248  000.122  000.122: require('luasnip.util.types')
060.249  000.651  000.529: require('luasnip.util.ext_opts')
060.855  000.312  000.312: require('luasnip.util.lazy_table')
060.944  000.088  000.088: require('luasnip.extras.filetype_functions')
060.949  000.599  000.199: require('luasnip.default_config')
060.950  000.700  000.101: require('luasnip.session')
060.951  001.769  000.418: require('luasnip.config')
061.521  000.090  000.090: require('luasnip.util.vimversion')
061.523  000.272  000.182: require('luasnip.util.util')
061.834  000.127  000.127: require('luasnip.nodes.key_indexer')
061.958  000.123  000.123: require('luasnip.util.feedkeys')
061.960  000.436  000.186: require('luasnip.nodes.util')
062.707  000.161  000.161: require('luasnip.session.snippet_collection.source')
062.855  000.147  000.147: require('luasnip.util.table')
063.206  000.351  000.351: require('luasnip.util.auto_table')
063.210  001.249  000.590: require('luasnip.session.snippet_collection')
063.462  000.077  000.077: require('luasnip.util.select')
063.541  000.079  000.079: require('luasnip.util.time')
064.012  000.719  000.564: require('luasnip.util._builtin_vars')
064.037  000.826  000.107: require('luasnip.util.environ')
064.121  000.083  000.083: require('luasnip.util.extend_decorator')
064.329  000.110  000.110: require('luasnip.util.path')
064.538  000.121  000.121: require('luasnip.util.log')
064.540  000.211  000.090: require('luasnip.loaders.util')
064.727  000.186  000.186: require('luasnip.loaders.data')
064.944  000.216  000.216: require('luasnip.loaders.fs_watchers')
064.947  000.826  000.103: require('luasnip.loaders')
064.956  004.002  000.310: require('luasnip')
064.967  006.721  000.312: sourcing /Users/bhuvnesh/.local/share/nvim/lazy/LuaSnip/plugin/luasnip.lua
064.969  006.761  000.040: sourcing nvim_exec2() called at /Users/bhuvnesh/.dotfiles/nvim/.config/nvim/init.lua:0
065.130  000.123  000.123: sourcing /Users/bhuvnesh/.local/share/nvim/lazy/LuaSnip/plugin/luasnip.vim
065.131  000.158  000.035: sourcing nvim_exec2() called at /Users/bhuvnesh/.dotfiles/nvim/.config/nvim/init.lua:0
065.135  000.001  000.001: sourcing nvim_exec2() called at /Users/bhuvnesh/.dotfiles/nvim/.config/nvim/init.lua:0
065.140  000.001  000.001: sourcing nvim_exec2() called at /Users/bhuvnesh/.dotfiles/nvim/.config/nvim/init.lua:0
065.178  000.001  000.001: sourcing nvim_exec2() called at /Users/bhuvnesh/.dotfiles/nvim/.config/nvim/init.lua:0
065.181  000.001  000.001: sourcing nvim_exec2() called at /Users/bhuvnesh/.dotfiles/nvim/.config/nvim/init.lua:0
065.331  000.001  000.001: sourcing nvim_exec2() called at /Users/bhuvnesh/.dotfiles/nvim/.config/nvim/init.lua:0
065.335  000.001  000.001: sourcing nvim_exec2() called at /Users/bhuvnesh/.dotfiles/nvim/.config/nvim/init.lua:0
065.752  000.194  000.194: require('lspconfig.util')
065.849  000.094  000.094: require('vim.version')
066.627  001.134  000.846: sourcing /Users/bhuvnesh/.local/share/nvim/lazy/nvim-lspconfig/plugin/lspconfig.lua
066.630  001.169  000.035: sourcing nvim_exec2() called at /Users/bhuvnesh/.dotfiles/nvim/.config/nvim/init.lua:0
066.634  000.001  000.001: sourcing nvim_exec2() called at /Users/bhuvnesh/.dotfiles/nvim/.config/nvim/init.lua:0
066.641  000.001  000.001: sourcing nvim_exec2() called at /Users/bhuvnesh/.dotfiles/nvim/.config/nvim/init.lua:0
067.318  000.114  000.114: require('cmp.utils.char')
067.322  000.203  000.089: require('cmp.utils.str')
067.690  000.084  000.084: require('cmp.utils.buffer')
067.694  000.183  000.098: require('cmp.utils.keymap')
067.695  000.373  000.190: require('cmp.utils.feedkeys')
067.965  000.091  000.091: require('cmp.config.mapping')
068.060  000.094  000.094: require('cmp.utils.cache')
068.276  000.110  000.110: require('cmp.config.compare')
068.277  000.216  000.106: require('cmp.config.default')
068.288  000.499  000.098: require('cmp.config')
068.294  000.598  000.098: require('cmp.utils.async')
068.482  000.092  000.092: require('cmp.utils.pattern')
068.485  000.190  000.098: require('cmp.context')
069.001  000.173  000.173: require('cmp.utils.snippet')
069.106  000.103  000.103: require('cmp.matcher')
069.113  000.458  000.182: require('cmp.entry')
069.118  000.632  000.174: require('cmp.source')
069.324  000.102  000.102: require('cmp.utils.event')
069.635  000.108  000.108: require('cmp.utils.options')
069.640  000.221  000.112: require('cmp.utils.window')
069.641  000.317  000.096: require('cmp.view.docs_view')
069.945  000.302  000.302: require('cmp.view.custom_entries_view')
070.067  000.122  000.122: require('cmp.view.wildmenu_entries_view')
070.181  000.113  000.113: require('cmp.view.native_entries_view')
070.313  000.131  000.131: require('cmp.view.ghost_text_view')
070.320  001.202  000.115: require('cmp.view')
070.860  003.964  000.767: require('cmp.core')
071.122  000.118  000.118: require('cmp.config.sources')
071.259  000.134  000.134: require('cmp.config.window')
071.312  004.670  000.454: require('cmp')
071.528  000.111  000.111: require('cmp_nvim_lsp.source')
071.530  000.216  000.105: require('cmp_nvim_lsp')
072.984  000.123  000.123: require('fidget.spinner.patterns')
072.986  000.322  000.200: require('fidget.spinner')
073.084  000.096  000.096: require('fidget.options')
073.114  000.560  000.142: require('fidget.progress.display')
073.357  000.109  000.109: require('fidget.logger')
074.289  000.713  000.713: require('vim.lsp.completion')
074.408  001.050  000.337: require('vim.lsp.handlers')
074.413  001.298  000.139: require('fidget.progress.lsp')
075.501  000.364  000.364: require('fidget.poll')
075.505  000.760  000.396: require('fidget.notification.model')
075.769  000.263  000.263: require('fidget.notification.window')
075.914  000.144  000.144: require('fidget.notification.view')
075.929  001.359  000.192: require('fidget.notification')
075.931  001.517  000.159: require('fidget.progress.handle')
075.948  003.494  000.119: require('fidget.progress')
076.248  000.298  000.298: require('fidget.commands')
076.441  000.079  000.079: require('fidget.integration.nvim-tree')
076.530  000.087  000.087: require('fidget.integration.xcodebuild-nvim')
076.555  000.279  000.112: require('fidget.integration')
076.558  004.387  000.316: require('fidget')
092.728  000.139  000.139: require('luasnip.session.enqueueable_operations')
093.481  000.104  000.104: require('luasnip.util.events')
093.488  000.235  000.131: require('luasnip.nodes.node')
093.643  000.154  000.154: require('luasnip.nodes.insertNode')
093.761  000.116  000.116: require('luasnip.nodes.textNode')
093.881  000.119  000.119: require('luasnip.util.mark')
094.023  000.140  000.140: require('luasnip.util.pattern_tokenizer')
094.129  000.105  000.105: require('luasnip.util.dict')
095.134  000.009  000.009: require('jsregexp.core')
095.139  000.134  000.125: require('luasnip-jsregexp')
095.140  000.902  000.768: require('luasnip.util.jsregexp')
095.143  001.012  000.109: require('luasnip.nodes.util.trig_engines')
095.169  002.181  000.299: require('luasnip.nodes.snippet')
095.464  000.095  000.095: require('luasnip.util.parser.neovim_ast')
095.553  000.088  000.088: require('luasnip.util.str')
095.647  000.092  000.092: require('luasnip.util.directed_graph')
095.650  000.373  000.098: require('luasnip.util.parser.ast_utils')
095.773  000.123  000.123: require('luasnip.nodes.functionNode')
095.877  000.102  000.102: require('luasnip.nodes.choiceNode')
096.097  000.219  000.219: require('luasnip.nodes.dynamicNode')
096.181  000.083  000.083: require('luasnip.util.functions')
096.184  001.014  000.114: require('luasnip.util.parser.ast_parser')
096.364  000.179  000.179: require('luasnip.util.parser.neovim_parser')
096.367  003.630  000.257: require('luasnip.util.parser')
096.454  000.087  000.087: require('luasnip.nodes.snippetProxy')
096.683  000.228  000.228: require('luasnip.util.jsonc')
096.868  000.089  000.089: require('luasnip.nodes.duplicate')
096.869  000.184  000.095: require('luasnip.loaders.snippet_cache')
096.873  004.597  000.329: require('luasnip.loaders.from_vscode')
102.222  000.185  000.185: require('luasnip.nodes.multiSnippet')
104.912  000.917  000.917: require('vim.diagnostic')
105.098  000.006  000.006: sourcing nvim_exec2() called at /Users/bhuvnesh/.dotfiles/nvim/.config/nvim/init.lua:0
105.115  000.001  000.001: sourcing nvim_exec2() called at /Users/bhuvnesh/.dotfiles/nvim/.config/nvim/init.lua:0
105.924  000.307  000.307: require('tokyonight.config')
105.925  000.806  000.499: require('tokyonight')
106.068  000.002  000.002: sourcing nvim_exec2() called at /Users/bhuvnesh/.dotfiles/nvim/.config/nvim/init.lua:0
106.088  000.001  000.001: sourcing nvim_exec2() called at /Users/bhuvnesh/.dotfiles/nvim/.config/nvim/init.lua:0
107.679  000.806  000.806: require('rose-pine.config')
107.707  001.609  000.803: require('rose-pine')
109.664  000.096  000.096: require('tokyonight.util')
109.666  000.213  000.116: require('tokyonight.theme')
109.791  000.100  000.100: require('tokyonight.colors')
109.973  000.086  000.086: require('tokyonight.colors.storm')
110.097  000.096  000.096: require('tokyonight.hsluv')
110.442  000.111  000.111: require('tokyonight.groups')
111.071  001.783  001.177: sourcing /Users/bhuvnesh/.local/share/nvim/lazy/tokyonight.nvim/colors/tokyonight.lua
112.208  000.768  000.768: sourcing /Users/bhuvnesh/.local/share/nvim/lazy/vim-fugitive/plugin/fugitive.vim
112.210  000.807  000.039: sourcing nvim_exec2() called at /Users/bhuvnesh/.dotfiles/nvim/.config/nvim/init.lua:0
112.214  000.001  000.001: sourcing nvim_exec2() called at /Users/bhuvnesh/.dotfiles/nvim/.config/nvim/init.lua:0
112.421  000.029  000.029: sourcing /Users/bhuvnesh/.local/share/nvim/lazy/vim-fugitive/ftdetect/fugitive.vim
112.423  000.063  000.034: sourcing nvim_exec2() called at /Users/bhuvnesh/.dotfiles/nvim/.config/nvim/init.lua:0
112.426  000.001  000.001: sourcing nvim_exec2() called at /Users/bhuvnesh/.dotfiles/nvim/.config/nvim/init.lua:0
113.363  000.267  000.267: sourcing /Users/bhuvnesh/.local/share/nvim/lazy/vim-dadbod-ui/plugin/db_ui.vim
113.365  000.301  000.034: sourcing nvim_exec2() called at /Users/bhuvnesh/.dotfiles/nvim/.config/nvim/init.lua:0
113.368  000.001  000.001: sourcing nvim_exec2() called at /Users/bhuvnesh/.dotfiles/nvim/.config/nvim/init.lua:0
113.374  000.001  000.001: sourcing nvim_exec2() called at /Users/bhuvnesh/.dotfiles/nvim/.config/nvim/init.lua:0
113.806  000.166  000.166: sourcing /Users/bhuvnesh/.local/share/nvim/lazy/vim-dadbod-completion/plugin/vim_dadbod_completion.vim
113.808  000.199  000.033: sourcing nvim_exec2() called at /Users/bhuvnesh/.dotfiles/nvim/.config/nvim/init.lua:0
113.824  000.001  000.001: sourcing nvim_exec2() called at /Users/bhuvnesh/.dotfiles/nvim/.config/nvim/init.lua:0
113.830  000.001  000.001: sourcing nvim_exec2() called at /Users/bhuvnesh/.dotfiles/nvim/.config/nvim/init.lua:0
114.170  000.149  000.149: sourcing /Users/bhuvnesh/.local/share/nvim/lazy/vim-dadbod/plugin/dadbod.vim
114.171  000.182  000.033: sourcing nvim_exec2() called at /Users/bhuvnesh/.dotfiles/nvim/.config/nvim/init.lua:0
114.174  000.001  000.001: sourcing nvim_exec2() called at /Users/bhuvnesh/.dotfiles/nvim/.config/nvim/init.lua:0
114.178  000.001  000.001: sourcing nvim_exec2() called at /Users/bhuvnesh/.dotfiles/nvim/.config/nvim/init.lua:0
114.826  000.088  000.088: sourcing /Users/bhuvnesh/.local/share/nvim/lazy/nvim-web-devicons/plugin/nvim-web-devicons.vim
114.828  000.124  000.036: sourcing nvim_exec2() called at /Users/bhuvnesh/.dotfiles/nvim/.config/nvim/init.lua:0
114.830  000.001  000.001: sourcing nvim_exec2() called at /Users/bhuvnesh/.dotfiles/nvim/.config/nvim/init.lua:0
114.835  000.001  000.001: sourcing nvim_exec2() called at /Users/bhuvnesh/.dotfiles/nvim/.config/nvim/init.lua:0
114.840  000.001  000.001: sourcing nvim_exec2() called at /Users/bhuvnesh/.dotfiles/nvim/.config/nvim/init.lua:0
114.843  000.000  000.000: sourcing nvim_exec2() called at /Users/bhuvnesh/.dotfiles/nvim/.config/nvim/init.lua:0
115.317  000.472  000.472: require('oil')
115.497  000.179  000.179: require('oil.ringbuf')
115.684  000.185  000.185: require('oil.config')
116.433  000.169  000.169: require('oil.log')
116.450  000.421  000.251: require('oil.fs')
116.793  000.124  000.124: require('oil.constants')
116.814  000.363  000.239: require('oil.util')
116.851  000.001  000.001: sourcing nvim_exec2() called at /Users/bhuvnesh/.dotfiles/nvim/.config/nvim/init.lua:0
116.855  000.001  000.001: sourcing nvim_exec2() called at /Users/bhuvnesh/.dotfiles/nvim/.config/nvim/init.lua:0
117.150  000.294  000.294: require('cloak')
117.812  000.125  000.125: sourcing /Users/bhuvnesh/.local/share/nvim/lazy/plenary.nvim/plugin/plenary.vim
117.814  000.159  000.035: sourcing nvim_exec2() called at /Users/bhuvnesh/.dotfiles/nvim/.config/nvim/init.lua:0
117.817  000.001  000.001: sourcing nvim_exec2() called at /Users/bhuvnesh/.dotfiles/nvim/.config/nvim/init.lua:0
117.822  000.001  000.001: sourcing nvim_exec2() called at /Users/bhuvnesh/.dotfiles/nvim/.config/nvim/init.lua:0
118.031  000.001  000.001: sourcing nvim_exec2() called at /Users/bhuvnesh/.dotfiles/nvim/.config/nvim/init.lua:0
118.061  000.001  000.001: sourcing nvim_exec2() called at /Users/bhuvnesh/.dotfiles/nvim/.config/nvim/init.lua:0
118.488  000.232  000.232: sourcing /Users/bhuvnesh/.local/share/nvim/lazy/telescope.nvim/plugin/telescope.lua
118.490  000.266  000.034: sourcing nvim_exec2() called at /Users/bhuvnesh/.dotfiles/nvim/.config/nvim/init.lua:0
118.493  000.001  000.001: sourcing nvim_exec2() called at /Users/bhuvnesh/.dotfiles/nvim/.config/nvim/init.lua:0
118.523  000.001  000.001: sourcing nvim_exec2() called at /Users/bhuvnesh/.dotfiles/nvim/.config/nvim/init.lua:0
118.965  000.110  000.110: require('telescope._extensions')
118.967  000.442  000.332: require('telescope')
119.639  000.093  000.093: require('plenary.bit')
119.722  000.083  000.083: require('plenary.functional')
119.744  000.475  000.299: require('plenary.path')
119.752  000.568  000.094: require('plenary.strings')
119.850  000.098  000.098: require('telescope.deprecated')
120.210  000.119  000.119: require('plenary.log')
120.265  000.261  000.141: require('telescope.log')
120.845  000.082  000.082: require('plenary.compat')
120.849  000.279  000.197: require('plenary.job')
120.940  000.090  000.090: require('telescope.state')
120.950  000.685  000.315: require('telescope.utils')
120.954  001.102  000.157: require('telescope.sorters')
121.699  002.730  000.962: require('telescope.config')
122.374  000.186  000.186: require('telescope.builtin')
122.870  000.207  000.207: sourcing /Users/bhuvnesh/.local/share/nvim/lazy/undotree/plugin/undotree.vim
122.872  000.246  000.039: sourcing nvim_exec2() called at /Users/bhuvnesh/.dotfiles/nvim/.config/nvim/init.lua:0
122.889  000.001  000.001: sourcing nvim_exec2() called at /Users/bhuvnesh/.dotfiles/nvim/.config/nvim/init.lua:0
122.920  000.001  000.001: sourcing nvim_exec2() called at /Users/bhuvnesh/.dotfiles/nvim/.config/nvim/init.lua:0
123.134  000.001  000.001: sourcing nvim_exec2() called at /Users/bhuvnesh/.dotfiles/nvim/.config/nvim/init.lua:0
123.168  000.001  000.001: sourcing nvim_exec2() called at /Users/bhuvnesh/.dotfiles/nvim/.config/nvim/init.lua:0
123.616  000.086  000.086: require('harpoon.utils')
123.618  000.174  000.088: require('harpoon.logger')
123.871  000.081  000.081: require('harpoon.autocmd')
123.873  000.164  000.082: require('harpoon.buffer')
123.959  000.085  000.085: require('harpoon.extensions')
123.961  000.342  000.093: require('harpoon.ui')
124.047  000.085  000.085: require('harpoon.data')
124.133  000.086  000.086: require('harpoon.config')
124.222  000.088  000.088: require('harpoon.list')
124.563  001.393  000.618: require('harpoon')
125.161  000.230  000.230: sourcing /opt/homebrew/Cellar/neovim/0.11.0/share/nvim/runtime/plugin/editorconfig.lua
125.163  000.269  000.039: sourcing nvim_exec2() called at /Users/bhuvnesh/.dotfiles/nvim/.config/nvim/init.lua:0
125.368  000.167  000.167: sourcing /opt/homebrew/Cellar/neovim/0.11.0/share/nvim/runtime/plugin/gzip.vim
125.370  000.204  000.037: sourcing nvim_exec2() called at /Users/bhuvnesh/.dotfiles/nvim/.config/nvim/init.lua:0
125.508  000.102  000.102: sourcing /opt/homebrew/Cellar/neovim/0.11.0/share/nvim/runtime/plugin/man.lua
125.510  000.137  000.035: sourcing nvim_exec2() called at /Users/bhuvnesh/.dotfiles/nvim/.config/nvim/init.lua:0
126.312  000.189  000.189: require('mason-registry.api')
126.315  000.373  000.184: require('mason.providers.registry-api')
127.348  000.212  000.212: sourcing /opt/homebrew/Cellar/neovim/0.11.0/share/nvim/runtime/pack/dist/opt/matchit/plugin/matchit.vim
127.361  001.812  001.227: sourcing /opt/homebrew/Cellar/neovim/0.11.0/share/nvim/runtime/plugin/matchit.vim
127.362  001.850  000.038: sourcing nvim_exec2() called at /Users/bhuvnesh/.dotfiles/nvim/.config/nvim/init.lua:0
127.594  000.191  000.191: sourcing /opt/homebrew/Cellar/neovim/0.11.0/share/nvim/runtime/plugin/matchparen.vim
127.595  000.228  000.036: sourcing nvim_exec2() called at /Users/bhuvnesh/.dotfiles/nvim/.config/nvim/init.lua:0
127.737  000.105  000.105: sourcing /opt/homebrew/Cellar/neovim/0.11.0/share/nvim/runtime/plugin/netrwPlugin.vim
127.739  000.141  000.036: sourcing nvim_exec2() called at /Users/bhuvnesh/.dotfiles/nvim/.config/nvim/init.lua:0
127.833  000.057  000.057: sourcing /opt/homebrew/Cellar/neovim/0.11.0/share/nvim/runtime/plugin/osc52.lua
127.835  000.093  000.036: sourcing nvim_exec2() called at /Users/bhuvnesh/.dotfiles/nvim/.config/nvim/init.lua:0
128.034  000.163  000.163: sourcing /opt/homebrew/Cellar/neovim/0.11.0/share/nvim/runtime/plugin/rplugin.vim
128.037  000.200  000.037: sourcing nvim_exec2() called at /Users/bhuvnesh/.dotfiles/nvim/.config/nvim/init.lua:0
128.244  000.153  000.153: sourcing /opt/homebrew/Cellar/neovim/0.11.0/share/nvim/runtime/plugin/shada.vim
128.246  000.204  000.051: sourcing nvim_exec2() called at /Users/bhuvnesh/.dotfiles/nvim/.config/nvim/init.lua:0
128.384  000.093  000.093: sourcing /opt/homebrew/Cellar/neovim/0.11.0/share/nvim/runtime/plugin/spellfile.vim
128.386  000.137  000.044: sourcing nvim_exec2() called at /Users/bhuvnesh/.dotfiles/nvim/.config/nvim/init.lua:0
128.504  000.078  000.078: sourcing /opt/homebrew/Cellar/neovim/0.11.0/share/nvim/runtime/plugin/tarPlugin.vim
128.506  000.117  000.039: sourcing nvim_exec2() called at /Users/bhuvnesh/.dotfiles/nvim/.config/nvim/init.lua:0
128.637  000.061  000.061: sourcing /opt/homebrew/Cellar/neovim/0.11.0/share/nvim/runtime/plugin/tohtml.lua
128.640  000.102  000.041: sourcing nvim_exec2() called at /Users/bhuvnesh/.dotfiles/nvim/.config/nvim/init.lua:0
128.738  000.032  000.032: sourcing /opt/homebrew/Cellar/neovim/0.11.0/share/nvim/runtime/plugin/tutor.vim
128.740  000.070  000.038: sourcing nvim_exec2() called at /Users/bhuvnesh/.dotfiles/nvim/.config/nvim/init.lua:0
128.948  000.139  000.139: sourcing /opt/homebrew/Cellar/neovim/0.11.0/share/nvim/runtime/plugin/zipPlugin.vim
128.950  000.179  000.040: sourcing nvim_exec2() called at /Users/bhuvnesh/.dotfiles/nvim/.config/nvim/init.lua:0
129.526  000.128  000.128: require('vim_dadbod_completion')
130.023  000.786  000.658: sourcing /Users/bhuvnesh/.local/share/nvim/lazy/vim-dadbod-completion/after/plugin/vim_dadbod_completion.lua
130.026  000.834  000.048: sourcing nvim_exec2() called at /Users/bhuvnesh/.dotfiles/nvim/.config/nvim/init.lua:0
130.246  000.139  000.139: sourcing /Users/bhuvnesh/.local/share/nvim/lazy/vim-dadbod-completion/after/plugin/vim_dadbod_completion.vim
130.249  000.185  000.046: sourcing nvim_exec2() called at /Users/bhuvnesh/.dotfiles/nvim/.config/nvim/init.lua:0
130.553  000.112  000.112: require('cmp_luasnip')
130.576  000.204  000.091: sourcing /Users/bhuvnesh/.local/share/nvim/lazy/cmp_luasnip/after/plugin/cmp_luasnip.lua
130.578  000.243  000.040: sourcing nvim_exec2() called at /Users/bhuvnesh/.dotfiles/nvim/.config/nvim/init.lua:0
130.841  000.123  000.123: require('cmp_cmdline')
130.853  000.192  000.069: sourcing /Users/bhuvnesh/.local/share/nvim/lazy/cmp-cmdline/after/plugin/cmp_cmdline.lua
130.855  000.232  000.040: sourcing nvim_exec2() called at /Users/bhuvnesh/.dotfiles/nvim/.config/nvim/init.lua:0
131.210  000.197  000.197: require('cmp_path')
131.260  000.303  000.106: sourcing /Users/bhuvnesh/.local/share/nvim/lazy/cmp-path/after/plugin/cmp_path.lua
131.262  000.341  000.039: sourcing nvim_exec2() called at /Users/bhuvnesh/.dotfiles/nvim/.config/nvim/init.lua:0
132.398  000.087  000.087: require('cmp_buffer.timer')
132.401  000.190  000.103: require('cmp_buffer.buffer')
132.403  000.625  000.436: require('cmp_buffer.source')
132.404  000.769  000.144: require('cmp_buffer')
132.415  001.059  000.289: sourcing /Users/bhuvnesh/.local/share/nvim/lazy/cmp-buffer/after/plugin/cmp_buffer.lua
132.417  001.097  000.038: sourcing nvim_exec2() called at /Users/bhuvnesh/.dotfiles/nvim/.config/nvim/init.lua:0
132.527  000.051  000.051: sourcing /Users/bhuvnesh/.local/share/nvim/lazy/cmp-nvim-lsp/after/plugin/cmp_nvim_lsp.lua
132.529  000.088  000.037: sourcing nvim_exec2() called at /Users/bhuvnesh/.dotfiles/nvim/.config/nvim/init.lua:0
132.580  118.038  059.227: require('bhuvnesh.lazy_init')
132.623  125.949  000.420: require('bhuvnesh')
132.624  126.077  000.127: sourcing /Users/bhuvnesh/.config/nvim/init.lua
132.630  001.018: sourcing vimrc file(s)
132.800  000.024  000.024: sourcing /opt/homebrew/Cellar/neovim/0.11.0/share/nvim/runtime/filetype.lua
133.367  000.152  000.152: sourcing /opt/homebrew/Cellar/neovim/0.11.0/share/nvim/runtime/syntax/synload.vim
133.416  000.530  000.378: sourcing /opt/homebrew/Cellar/neovim/0.11.0/share/nvim/runtime/syntax/syntax.vim
133.420  000.236: inits 3
134.268  000.848: reading ShaDa
135.170  000.405  000.405: require('luasnip.loaders.from_lua')
135.392  000.220  000.220: require('luasnip.loaders.from_snipmate')
135.442  000.550: opening buffers
135.454  000.012: BufEnter autocommands
135.456  000.001: editing files in windows
135.477  000.021: --- NVIM STARTED ---

